{"level":"DEBUG","time":"2023-01-03T01:19:25.028+0900","caller":"logger/logger.go:52","msg":"debug","-":"ready server.... "}
{"level":"INFO","time":"2023-01-03T01:19:25.046+0900","caller":"logger/logger.go:62","msg":"info","-":"start server "}
{"level":"DEBUG","time":"2023-01-03T01:20:36.086+0900","caller":"logger/logger.go:52","msg":"debug","-":"ready server.... "}
{"level":"INFO","time":"2023-01-03T01:20:36.104+0900","caller":"logger/logger.go:62","msg":"info","-":"start server "}
{"level":"INFO","time":"2023-01-03T01:20:45.747+0900","caller":"logger/logger.go:115","msg":"/api/v01/orderer/menus/price","status":200,"method":"GET","path":"/api/v01/orderer/menus/price","query":"","ip":"::1","user-agent":"PostmanRuntime/7.30.0","errors":"","cost":0.008228334}
{"level":"INFO","time":"2023-01-03T01:20:51.031+0900","caller":"logger/logger.go:115","msg":"/api/v01/taker/menu","status":201,"method":"POST","path":"/api/v01/taker/menu","query":"","ip":"::1","user-agent":"PostmanRuntime/7.30.0","errors":"","cost":0.007091875}
{"level":"WARN","time":"2023-01-03T01:29:16.615+0900","caller":"logger/logger.go:72","msg":"warn","-":"Shutdown Server ... "}
{"level":"INFO","time":"2023-01-03T01:29:17.617+0900","caller":"logger/logger.go:62","msg":"info","-":"timeout of 1 seconds. "}
{"level":"INFO","time":"2023-01-03T01:29:17.617+0900","caller":"logger/logger.go:62","msg":"info","-":"Server exiting "}
{"level":"DEBUG","time":"2023-01-03T01:29:24.754+0900","caller":"logger/logger.go:52","msg":"debug","-":"ready server.... "}
{"level":"INFO","time":"2023-01-03T01:29:24.773+0900","caller":"logger/logger.go:62","msg":"info","-":"start server "}
{"level":"WARN","time":"2023-01-03T01:29:28.091+0900","caller":"logger/logger.go:72","msg":"warn","-":"Shutdown Server ... "}
{"level":"INFO","time":"2023-01-03T01:29:29.093+0900","caller":"logger/logger.go:62","msg":"info","-":"timeout of 1 seconds. "}
{"level":"INFO","time":"2023-01-03T01:29:29.093+0900","caller":"logger/logger.go:62","msg":"info","-":"Server exiting "}
{"level":"DEBUG","time":"2023-01-03T01:52:01.408+0900","caller":"logger/logger.go:52","msg":"debug","-":"ready server.... "}
{"level":"INFO","time":"2023-01-03T01:52:01.435+0900","caller":"logger/logger.go:62","msg":"info","-":"start server "}
{"level":"INFO","time":"2023-01-03T01:52:15.555+0900","caller":"logger/logger.go:115","msg":"/api/v01/orderer/order","status":201,"method":"POST","path":"/api/v01/orderer/order","query":"","ip":"::1","user-agent":"PostmanRuntime/7.30.0","errors":"","cost":0.009292625}
{"level":"INFO","time":"2023-01-03T01:53:09.448+0900","caller":"logger/logger.go:115","msg":"/api/v01/orderer/order/63b30bbf647ad86ceebdb312","status":404,"method":"PATCH","path":"/api/v01/orderer/order/63b30bbf647ad86ceebdb312","query":"","ip":"::1","user-agent":"PostmanRuntime/7.30.0","errors":"","cost":0.000007}
{"level":"INFO","time":"2023-01-03T01:54:03.154+0900","caller":"logger/logger.go:115","msg":"/api/v01/orderer/order/63b30bbf647ad86ceebdb312/0","status":201,"method":"PATCH","path":"/api/v01/orderer/order/63b30bbf647ad86ceebdb312/0","query":"","ip":"::1","user-agent":"PostmanRuntime/7.30.0","errors":"","cost":0.006743833}
{"level":"INFO","time":"2023-01-03T01:55:49.534+0900","caller":"logger/logger.go:115","msg":"/api/v01/orderer/order/63b30bbf647ad86ceebdb312/1","status":201,"method":"PATCH","path":"/api/v01/orderer/order/63b30bbf647ad86ceebdb312/1","query":"","ip":"::1","user-agent":"PostmanRuntime/7.30.0","errors":"","cost":0.015832}
{"level":"INFO","time":"2023-01-03T01:56:34.494+0900","caller":"logger/logger.go:115","msg":"/api/v01/taker/orders/우","status":200,"method":"PATCH","path":"/api/v01/taker/orders/우","query":"","ip":"::1","user-agent":"PostmanRuntime/7.30.0","errors":"","cost":0.005115917}
{"level":"INFO","time":"2023-01-03T01:56:43.436+0900","caller":"logger/logger.go:115","msg":"/api/v01/taker/orders/우동","status":200,"method":"PATCH","path":"/api/v01/taker/orders/우동","query":"","ip":"::1","user-agent":"PostmanRuntime/7.30.0","errors":"","cost":0.004755459}
{"level":"INFO","time":"2023-01-03T01:56:50.650+0900","caller":"logger/logger.go:115","msg":"/api/v01/taker/orders/우동","status":200,"method":"PATCH","path":"/api/v01/taker/orders/우동","query":"","ip":"::1","user-agent":"PostmanRuntime/7.30.0","errors":"","cost":0.002770958}
{"level":"INFO","time":"2023-01-03T01:56:59.296+0900","caller":"logger/logger.go:115","msg":"/api/v01/taker/orders/우동","status":200,"method":"PATCH","path":"/api/v01/taker/orders/우동","query":"","ip":"::1","user-agent":"PostmanRuntime/7.30.0","errors":"","cost":0.004690791}
{"level":"INFO","time":"2023-01-03T01:57:16.429+0900","caller":"logger/logger.go:115","msg":"/api/v01/orderer/order/63b30bbf647ad86ceebdb312/1","status":400,"method":"PATCH","path":"/api/v01/orderer/order/63b30bbf647ad86ceebdb312/1","query":"","ip":"::1","user-agent":"PostmanRuntime/7.30.0","errors":"","cost":0.003574667}
{"level":"INFO","time":"2023-01-03T01:57:34.293+0900","caller":"logger/logger.go:115","msg":"/api/v01/orderer/order/63b30bbf647ad86ceebdb312/0","status":201,"method":"PATCH","path":"/api/v01/orderer/order/63b30bbf647ad86ceebdb312/0","query":"","ip":"::1","user-agent":"PostmanRuntime/7.30.0","errors":"","cost":0.006440875}
{"level":"INFO","time":"2023-01-03T02:03:48.284+0900","caller":"logger/logger.go:115","msg":"/api/v01/orderer/order/63b30bbf647ad86ceebdb312/0","status":201,"method":"PATCH","path":"/api/v01/orderer/order/63b30bbf647ad86ceebdb312/0","query":"","ip":"::1","user-agent":"PostmanRuntime/7.30.0","errors":"","cost":0.027393709}
{"level":"WARN","time":"2023-01-03T02:16:05.672+0900","caller":"logger/logger.go:72","msg":"warn","-":"Shutdown Server ... "}
{"level":"INFO","time":"2023-01-03T02:16:06.676+0900","caller":"logger/logger.go:62","msg":"info","-":"timeout of 1 seconds. "}
{"level":"INFO","time":"2023-01-03T02:16:06.676+0900","caller":"logger/logger.go:62","msg":"info","-":"Server exiting "}
{"level":"DEBUG","time":"2023-01-03T02:18:36.968+0900","caller":"logger/logger.go:52","msg":"debug","-":"ready server.... "}
{"level":"INFO","time":"2023-01-03T02:18:37.003+0900","caller":"logger/logger.go:62","msg":"info","-":"start server "}
{"level":"INFO","time":"2023-01-03T02:18:57.312+0900","caller":"logger/logger.go:115","msg":"/api/v01/orderer/order/63b30bbf647ad86ceebdb312","status":201,"method":"PATCH","path":"/api/v01/orderer/order/63b30bbf647ad86ceebdb312","query":"flag=0","ip":"::1","user-agent":"PostmanRuntime/7.30.0","errors":"","cost":0.014235417}
{"level":"INFO","time":"2023-01-03T02:19:01.974+0900","caller":"logger/logger.go:115","msg":"/api/v01/orderer/order/63b30bbf647ad86ceebdb312","status":400,"method":"PATCH","path":"/api/v01/orderer/order/63b30bbf647ad86ceebdb312","query":"flag=1","ip":"::1","user-agent":"PostmanRuntime/7.30.0","errors":"","cost":0.002538709}
{"level":"INFO","time":"2023-01-03T02:19:06.513+0900","caller":"logger/logger.go:115","msg":"/api/v01/orderer/order/63b30bbf647ad86ceebdb312","status":201,"method":"PATCH","path":"/api/v01/orderer/order/63b30bbf647ad86ceebdb312","query":"flag=0","ip":"::1","user-agent":"PostmanRuntime/7.30.0","errors":"","cost":0.009039}
{"level":"WARN","time":"2023-01-03T02:19:17.024+0900","caller":"logger/logger.go:72","msg":"warn","-":"Shutdown Server ... "}
{"level":"INFO","time":"2023-01-03T02:19:18.026+0900","caller":"logger/logger.go:62","msg":"info","-":"timeout of 1 seconds. "}
{"level":"INFO","time":"2023-01-03T02:19:18.026+0900","caller":"logger/logger.go:62","msg":"info","-":"Server exiting "}
{"level":"DEBUG","time":"2023-01-03T02:19:20.438+0900","caller":"logger/logger.go:52","msg":"debug","-":"ready server.... "}
{"level":"INFO","time":"2023-01-03T02:19:20.457+0900","caller":"logger/logger.go:62","msg":"info","-":"start server "}
{"level":"INFO","time":"2023-01-03T02:19:22.189+0900","caller":"logger/logger.go:115","msg":"/api/v01/orderer/order/63b30bbf647ad86ceebdb312","status":201,"method":"PATCH","path":"/api/v01/orderer/order/63b30bbf647ad86ceebdb312","query":"flag=0","ip":"::1","user-agent":"PostmanRuntime/7.30.0","errors":"","cost":0.013935416}
{"level":"INFO","time":"2023-01-03T02:19:36.670+0900","caller":"logger/logger.go:115","msg":"/api/v01/orderer/order/63b30bbf647ad86ceebdb312","status":201,"method":"PATCH","path":"/api/v01/orderer/order/63b30bbf647ad86ceebdb312","query":"flag=0","ip":"::1","user-agent":"PostmanRuntime/7.30.0","errors":"","cost":0.008243875}
{"level":"INFO","time":"2023-01-03T02:21:06.568+0900","caller":"logger/logger.go:115","msg":"/api/v01/orderer/order/63b30bbf647ad86ceebdb312","status":400,"method":"PATCH","path":"/api/v01/orderer/order/63b30bbf647ad86ceebdb312","query":"flag=1","ip":"::1","user-agent":"PostmanRuntime/7.30.0","errors":"","cost":0.007321292}
{"level":"WARN","time":"2023-01-03T02:21:11.707+0900","caller":"logger/logger.go:72","msg":"warn","-":"Shutdown Server ... "}
{"level":"INFO","time":"2023-01-03T02:21:12.708+0900","caller":"logger/logger.go:62","msg":"info","-":"timeout of 1 seconds. "}
{"level":"INFO","time":"2023-01-03T02:21:12.709+0900","caller":"logger/logger.go:62","msg":"info","-":"Server exiting "}
{"level":"DEBUG","time":"2023-01-03T17:15:34.504+0900","caller":"logger/logger.go:52","msg":"debug","-":"ready server.... "}
{"level":"INFO","time":"2023-01-03T17:15:34.543+0900","caller":"logger/logger.go:62","msg":"info","-":"start server "}
{"level":"INFO","time":"2023-01-03T17:15:40.243+0900","caller":"logger/logger.go:115","msg":"/swagger/index.html","status":200,"method":"GET","path":"/swagger/index.html","query":"","ip":"::1","user-agent":"Mozilla/5.0 (Macintosh; Intel Mac OS X 10_15_7) AppleWebKit/537.36 (KHTML, like Gecko) Chrome/108.0.0.0 Safari/537.36","errors":"","cost":0.000470792}
{"level":"INFO","time":"2023-01-03T17:15:40.347+0900","caller":"logger/logger.go:115","msg":"/swagger/swagger-ui.css","status":200,"method":"GET","path":"/swagger/swagger-ui.css","query":"","ip":"::1","user-agent":"Mozilla/5.0 (Macintosh; Intel Mac OS X 10_15_7) AppleWebKit/537.36 (KHTML, like Gecko) Chrome/108.0.0.0 Safari/537.36","errors":"","cost":0.000403625}
{"level":"INFO","time":"2023-01-03T17:15:40.352+0900","caller":"logger/logger.go:115","msg":"/swagger/swagger-ui-standalone-preset.js","status":200,"method":"GET","path":"/swagger/swagger-ui-standalone-preset.js","query":"","ip":"::1","user-agent":"Mozilla/5.0 (Macintosh; Intel Mac OS X 10_15_7) AppleWebKit/537.36 (KHTML, like Gecko) Chrome/108.0.0.0 Safari/537.36","errors":"","cost":0.0005615}
{"level":"INFO","time":"2023-01-03T17:15:40.355+0900","caller":"logger/logger.go:115","msg":"/swagger/swagger-ui-bundle.js","status":200,"method":"GET","path":"/swagger/swagger-ui-bundle.js","query":"","ip":"::1","user-agent":"Mozilla/5.0 (Macintosh; Intel Mac OS X 10_15_7) AppleWebKit/537.36 (KHTML, like Gecko) Chrome/108.0.0.0 Safari/537.36","errors":"","cost":0.004644209}
{"level":"INFO","time":"2023-01-03T17:15:40.459+0900","caller":"logger/logger.go:115","msg":"/swagger/favicon-32x32.png","status":200,"method":"GET","path":"/swagger/favicon-32x32.png","query":"","ip":"::1","user-agent":"Mozilla/5.0 (Macintosh; Intel Mac OS X 10_15_7) AppleWebKit/537.36 (KHTML, like Gecko) Chrome/108.0.0.0 Safari/537.36","errors":"","cost":0.000048958}
{"level":"INFO","time":"2023-01-03T17:15:40.490+0900","caller":"logger/logger.go:115","msg":"/swagger/doc.json","status":200,"method":"GET","path":"/swagger/doc.json","query":"","ip":"::1","user-agent":"Mozilla/5.0 (Macintosh; Intel Mac OS X 10_15_7) AppleWebKit/537.36 (KHTML, like Gecko) Chrome/108.0.0.0 Safari/537.36","errors":"","cost":0.00022825}
{"level":"INFO","time":"2023-01-03T17:57:20.704+0900","caller":"logger/logger.go:115","msg":"/board/list","status":404,"method":"GET","path":"/board/list","query":"","ip":"::1","user-agent":"Mozilla/5.0 (Macintosh; Intel Mac OS X 10_15_7) AppleWebKit/537.36 (KHTML, like Gecko) Chrome/108.0.0.0 Safari/537.36","errors":"","cost":0.000392584}
{"level":"INFO","time":"2023-01-03T17:57:20.871+0900","caller":"logger/logger.go:115","msg":"/favicon.ico","status":404,"method":"GET","path":"/favicon.ico","query":"","ip":"::1","user-agent":"Mozilla/5.0 (Macintosh; Intel Mac OS X 10_15_7) AppleWebKit/537.36 (KHTML, like Gecko) Chrome/108.0.0.0 Safari/537.36","errors":"","cost":0.000005834}
