{"level":"DEBUG","time":"2022-12-24T20:32:10.593+0900","caller":"logger/logger.go:52","msg":"debug","-":"ready server.... "}
{"level":"INFO","time":"2022-12-24T20:32:10.620+0900","caller":"logger/logger.go:62","msg":"info","-":"start server "}
{"level":"INFO","time":"2022-12-24T20:32:28.982+0900","caller":"logger/logger.go:115","msg":"/api/v01/orderer/order/63a41f47cae8f09acf61a5f2","status":200,"method":"PATCH","path":"/api/v01/orderer/order/63a41f47cae8f09acf61a5f2","query":"","ip":"::1","user-agent":"PostmanRuntime/7.29.2","errors":"","cost":0.007538291}
{"level":"WARN","time":"2022-12-24T20:32:42.395+0900","caller":"logger/logger.go:72","msg":"warn","-":"Shutdown Server ... "}
{"level":"INFO","time":"2022-12-24T20:32:43.397+0900","caller":"logger/logger.go:62","msg":"info","-":"timeout of 1 seconds. "}
{"level":"INFO","time":"2022-12-24T20:32:43.397+0900","caller":"logger/logger.go:62","msg":"info","-":"Server exiting "}
{"level":"DEBUG","time":"2022-12-24T20:32:45.771+0900","caller":"logger/logger.go:52","msg":"debug","-":"ready server.... "}
{"level":"INFO","time":"2022-12-24T20:32:45.791+0900","caller":"logger/logger.go:62","msg":"info","-":"start server "}
{"level":"INFO","time":"2022-12-24T20:32:48.607+0900","caller":"logger/logger.go:115","msg":"/api/v01/orderer/order/63a41f47cae8f09acf61a5f2","status":200,"method":"PATCH","path":"/api/v01/orderer/order/63a41f47cae8f09acf61a5f2","query":"","ip":"::1","user-agent":"PostmanRuntime/7.29.2","errors":"","cost":0.009874833}
{"level":"WARN","time":"2022-12-24T20:37:37.142+0900","caller":"logger/logger.go:72","msg":"warn","-":"Shutdown Server ... "}
{"level":"INFO","time":"2022-12-24T20:37:38.146+0900","caller":"logger/logger.go:62","msg":"info","-":"timeout of 1 seconds. "}
{"level":"INFO","time":"2022-12-24T20:37:38.146+0900","caller":"logger/logger.go:62","msg":"info","-":"Server exiting "}
{"level":"DEBUG","time":"2022-12-24T20:37:40.545+0900","caller":"logger/logger.go:52","msg":"debug","-":"ready server.... "}
{"level":"INFO","time":"2022-12-24T20:37:40.568+0900","caller":"logger/logger.go:62","msg":"info","-":"start server "}
{"level":"INFO","time":"2022-12-24T20:37:42.158+0900","caller":"logger/logger.go:115","msg":"/api/v01/orderer/order/63a41f47cae8f09acf61a5f2","status":200,"method":"PATCH","path":"/api/v01/orderer/order/63a41f47cae8f09acf61a5f2","query":"","ip":"::1","user-agent":"PostmanRuntime/7.29.2","errors":"","cost":0.0096695}
{"level":"WARN","time":"2022-12-24T20:38:41.980+0900","caller":"logger/logger.go:72","msg":"warn","-":"Shutdown Server ... "}
{"level":"INFO","time":"2022-12-24T20:38:42.981+0900","caller":"logger/logger.go:62","msg":"info","-":"timeout of 1 seconds. "}
{"level":"INFO","time":"2022-12-24T20:38:42.981+0900","caller":"logger/logger.go:62","msg":"info","-":"Server exiting "}
{"level":"DEBUG","time":"2022-12-24T20:38:45.294+0900","caller":"logger/logger.go:52","msg":"debug","-":"ready server.... "}
{"level":"INFO","time":"2022-12-24T20:38:45.311+0900","caller":"logger/logger.go:62","msg":"info","-":"start server "}
{"level":"INFO","time":"2022-12-24T20:38:52.357+0900","caller":"logger/logger.go:115","msg":"/api/v01/orderer/order/63a41f47cae8f09acf61a5f2","status":200,"method":"PATCH","path":"/api/v01/orderer/order/63a41f47cae8f09acf61a5f2","query":"","ip":"::1","user-agent":"PostmanRuntime/7.29.2","errors":"","cost":0.013078625}
{"level":"WARN","time":"2022-12-24T20:39:09.403+0900","caller":"logger/logger.go:72","msg":"warn","-":"Shutdown Server ... "}
{"level":"INFO","time":"2022-12-24T20:39:10.404+0900","caller":"logger/logger.go:62","msg":"info","-":"timeout of 1 seconds. "}
{"level":"INFO","time":"2022-12-24T20:39:10.404+0900","caller":"logger/logger.go:62","msg":"info","-":"Server exiting "}
{"level":"DEBUG","time":"2022-12-24T20:39:13.767+0900","caller":"logger/logger.go:52","msg":"debug","-":"ready server.... "}
{"level":"INFO","time":"2022-12-24T20:39:13.783+0900","caller":"logger/logger.go:62","msg":"info","-":"start server "}
{"level":"INFO","time":"2022-12-24T20:39:16.938+0900","caller":"logger/logger.go:115","msg":"/api/v01/orderer/order/63a41f47cae8f09acf61a5f2","status":200,"method":"PATCH","path":"/api/v01/orderer/order/63a41f47cae8f09acf61a5f2","query":"","ip":"::1","user-agent":"PostmanRuntime/7.29.2","errors":"","cost":0.013012709}
{"level":"WARN","time":"2022-12-24T20:40:46.226+0900","caller":"logger/logger.go:72","msg":"warn","-":"Shutdown Server ... "}
{"level":"INFO","time":"2022-12-24T20:40:47.228+0900","caller":"logger/logger.go:62","msg":"info","-":"timeout of 1 seconds. "}
{"level":"INFO","time":"2022-12-24T20:40:47.228+0900","caller":"logger/logger.go:62","msg":"info","-":"Server exiting "}
{"level":"DEBUG","time":"2022-12-24T20:41:08.872+0900","caller":"logger/logger.go:52","msg":"debug","-":"ready server.... "}
{"level":"INFO","time":"2022-12-24T20:41:08.894+0900","caller":"logger/logger.go:62","msg":"info","-":"start server "}
{"level":"INFO","time":"2022-12-24T20:41:12.096+0900","caller":"logger/logger.go:115","msg":"/api/v01/orderer/order/63a41f47cae8f09acf61a5f2","status":200,"method":"PATCH","path":"/api/v01/orderer/order/63a41f47cae8f09acf61a5f2","query":"","ip":"::1","user-agent":"PostmanRuntime/7.29.2","errors":"","cost":0.021411625}
{"level":"WARN","time":"2022-12-24T20:41:54.846+0900","caller":"logger/logger.go:72","msg":"warn","-":"Shutdown Server ... "}
{"level":"INFO","time":"2022-12-24T20:41:55.848+0900","caller":"logger/logger.go:62","msg":"info","-":"timeout of 1 seconds. "}
{"level":"INFO","time":"2022-12-24T20:41:55.848+0900","caller":"logger/logger.go:62","msg":"info","-":"Server exiting "}
{"level":"DEBUG","time":"2022-12-24T20:41:58.085+0900","caller":"logger/logger.go:52","msg":"debug","-":"ready server.... "}
{"level":"INFO","time":"2022-12-24T20:41:58.103+0900","caller":"logger/logger.go:62","msg":"info","-":"start server "}
{"level":"INFO","time":"2022-12-24T20:42:02.244+0900","caller":"logger/logger.go:115","msg":"/api/v01/orderer/order/63a41f47cae8f09acf61a5f2","status":200,"method":"PATCH","path":"/api/v01/orderer/order/63a41f47cae8f09acf61a5f2","query":"","ip":"::1","user-agent":"PostmanRuntime/7.29.2","errors":"","cost":0.008194125}
{"level":"WARN","time":"2022-12-24T20:43:52.099+0900","caller":"logger/logger.go:72","msg":"warn","-":"Shutdown Server ... "}
{"level":"INFO","time":"2022-12-24T20:43:53.100+0900","caller":"logger/logger.go:62","msg":"info","-":"timeout of 1 seconds. "}
{"level":"INFO","time":"2022-12-24T20:43:53.100+0900","caller":"logger/logger.go:62","msg":"info","-":"Server exiting "}
{"level":"DEBUG","time":"2022-12-24T20:43:55.787+0900","caller":"logger/logger.go:52","msg":"debug","-":"ready server.... "}
{"level":"INFO","time":"2022-12-24T20:43:55.810+0900","caller":"logger/logger.go:62","msg":"info","-":"start server "}
{"level":"INFO","time":"2022-12-24T20:43:57.245+0900","caller":"logger/logger.go:115","msg":"/api/v01/orderer/order/63a41f47cae8f09acf61a5f2","status":200,"method":"PATCH","path":"/api/v01/orderer/order/63a41f47cae8f09acf61a5f2","query":"","ip":"::1","user-agent":"PostmanRuntime/7.29.2","errors":"","cost":0.010685875}
{"level":"WARN","time":"2022-12-24T20:44:54.425+0900","caller":"logger/logger.go:72","msg":"warn","-":"Shutdown Server ... "}
{"level":"INFO","time":"2022-12-24T20:44:55.427+0900","caller":"logger/logger.go:62","msg":"info","-":"timeout of 1 seconds. "}
{"level":"INFO","time":"2022-12-24T20:44:55.427+0900","caller":"logger/logger.go:62","msg":"info","-":"Server exiting "}
{"level":"DEBUG","time":"2022-12-24T20:44:57.955+0900","caller":"logger/logger.go:52","msg":"debug","-":"ready server.... "}
{"level":"INFO","time":"2022-12-24T20:44:57.979+0900","caller":"logger/logger.go:62","msg":"info","-":"start server "}
{"level":"INFO","time":"2022-12-24T20:44:59.710+0900","caller":"logger/logger.go:115","msg":"/api/v01/orderer/order/63a41f47cae8f09acf61a5f2","status":200,"method":"PATCH","path":"/api/v01/orderer/order/63a41f47cae8f09acf61a5f2","query":"","ip":"::1","user-agent":"PostmanRuntime/7.29.2","errors":"","cost":0.010569375}
{"level":"WARN","time":"2022-12-24T23:02:14.322+0900","caller":"logger/logger.go:72","msg":"warn","-":"Shutdown Server ... "}
{"level":"INFO","time":"2022-12-24T23:02:15.327+0900","caller":"logger/logger.go:62","msg":"info","-":"timeout of 1 seconds. "}
{"level":"INFO","time":"2022-12-24T23:02:15.327+0900","caller":"logger/logger.go:62","msg":"info","-":"Server exiting "}
{"level":"DEBUG","time":"2022-12-24T23:03:00.178+0900","caller":"logger/logger.go:52","msg":"debug","-":"ready server.... "}
{"level":"INFO","time":"2022-12-24T23:03:00.200+0900","caller":"logger/logger.go:62","msg":"info","-":"start server "}
{"level":"INFO","time":"2022-12-24T23:03:21.656+0900","caller":"logger/logger.go:115","msg":"/api/v01/orderer/orders","status":200,"method":"GET","path":"/api/v01/orderer/orders","query":"","ip":"::1","user-agent":"PostmanRuntime/7.29.2","errors":"","cost":0.009744375}
{"level":"WARN","time":"2022-12-24T23:04:10.002+0900","caller":"logger/logger.go:72","msg":"warn","-":"Shutdown Server ... "}
{"level":"INFO","time":"2022-12-24T23:04:11.004+0900","caller":"logger/logger.go:62","msg":"info","-":"timeout of 1 seconds. "}
{"level":"INFO","time":"2022-12-24T23:04:11.004+0900","caller":"logger/logger.go:62","msg":"info","-":"Server exiting "}
{"level":"DEBUG","time":"2022-12-24T23:04:13.172+0900","caller":"logger/logger.go:52","msg":"debug","-":"ready server.... "}
{"level":"INFO","time":"2022-12-24T23:04:13.190+0900","caller":"logger/logger.go:62","msg":"info","-":"start server "}
{"level":"INFO","time":"2022-12-24T23:04:15.020+0900","caller":"logger/logger.go:115","msg":"/api/v01/orderer/orders","status":200,"method":"GET","path":"/api/v01/orderer/orders","query":"","ip":"::1","user-agent":"PostmanRuntime/7.29.2","errors":"","cost":0.011527875}
{"level":"WARN","time":"2022-12-24T23:04:54.823+0900","caller":"logger/logger.go:72","msg":"warn","-":"Shutdown Server ... "}
{"level":"INFO","time":"2022-12-24T23:04:55.826+0900","caller":"logger/logger.go:62","msg":"info","-":"timeout of 1 seconds. "}
{"level":"INFO","time":"2022-12-24T23:04:55.826+0900","caller":"logger/logger.go:62","msg":"info","-":"Server exiting "}
{"level":"DEBUG","time":"2022-12-24T23:04:58.070+0900","caller":"logger/logger.go:52","msg":"debug","-":"ready server.... "}
{"level":"INFO","time":"2022-12-24T23:04:58.093+0900","caller":"logger/logger.go:62","msg":"info","-":"start server "}
{"level":"INFO","time":"2022-12-24T23:04:59.729+0900","caller":"logger/logger.go:115","msg":"/api/v01/orderer/orders","status":200,"method":"GET","path":"/api/v01/orderer/orders","query":"","ip":"::1","user-agent":"PostmanRuntime/7.29.2","errors":"","cost":0.01361475}
{"level":"INFO","time":"2022-12-24T23:06:12.989+0900","caller":"logger/logger.go:115","msg":"/api/v01/taker/orders","status":200,"method":"GET","path":"/api/v01/taker/orders","query":"","ip":"::1","user-agent":"PostmanRuntime/7.29.2","errors":"","cost":0.009422958}
{"level":"INFO","time":"2022-12-24T23:06:20.546+0900","caller":"logger/logger.go:115","msg":"/api/v01/orderer/orders","status":200,"method":"GET","path":"/api/v01/orderer/orders","query":"","ip":"::1","user-agent":"PostmanRuntime/7.29.2","errors":"","cost":0.009073917}
{"level":"WARN","time":"2022-12-24T23:25:15.282+0900","caller":"logger/logger.go:72","msg":"warn","-":"Shutdown Server ... "}
{"level":"INFO","time":"2022-12-24T23:25:16.285+0900","caller":"logger/logger.go:62","msg":"info","-":"timeout of 1 seconds. "}
{"level":"INFO","time":"2022-12-24T23:25:16.285+0900","caller":"logger/logger.go:62","msg":"info","-":"Server exiting "}
{"level":"DEBUG","time":"2022-12-24T23:25:18.962+0900","caller":"logger/logger.go:52","msg":"debug","-":"ready server.... "}
{"level":"INFO","time":"2022-12-24T23:25:18.983+0900","caller":"logger/logger.go:62","msg":"info","-":"start server "}
{"level":"INFO","time":"2022-12-24T23:26:00.342+0900","caller":"logger/logger.go:115","msg":"/api/v01/taker/order/63a41f47cae8f09acf61a5f2","status":200,"method":"PATCH","path":"/api/v01/taker/order/63a41f47cae8f09acf61a5f2","query":"","ip":"::1","user-agent":"PostmanRuntime/7.29.2","errors":"","cost":0.013364542}
